# JRE version: Java(TM) SE Runtime Environment (8.0_60-b27) (build 1.8.0_60-b27)
# Java VM: Java HotSpot(TM) 64-Bit Server VM (25.60-b23 mixed mode windows-amd64 compressed oops)
Heap:
 PSYoungGen      total 348672K, used 51069K [0x00000000eab00000, 0x0000000100000000, 0x0000000100000000)
  eden space 348160K, 14% used [0x00000000eab00000,0x00000000edccf650,0x00000000fff00000)
  from space 512K, 12% used [0x00000000fff80000,0x00000000fff90000,0x0000000100000000)
  to   space 512K, 0% used [0x00000000fff00000,0x00000000fff00000,0x00000000fff80000)
 ParOldGen       total 699392K, used 493790K [0x00000000c0000000, 0x00000000eab00000, 0x00000000eab00000)
  object space 699392K, 70% used [0x00000000c0000000,0x00000000de237be8,0x00000000eab00000)
 Metaspace       used 18880K, capacity 19351K, committed 19584K, reserved 1067008K
  class space    used 1989K, capacity 2112K, committed 2176K, reserved 1048576K
GC Heap History (10 events):
Event: 92.496 GC heap before
{Heap before GC invocations=134 (full 0):
 PSYoungGen      total 348672K, used 348192K [0x00000000eab00000, 0x0000000100000000, 0x0000000100000000)
  eden space 348160K, 100% used [0x00000000eab00000,0x00000000fff00000,0x00000000fff00000)
  from space 512K, 6% used [0x00000000fff00000,0x00000000fff08000,0x00000000fff80000)
  to   space 512K, 0% used [0x00000000fff80000,0x00000000fff80000,0x0000000100000000)
 ParOldGen       total 699392K, used 493790K [0x00000000c0000000, 0x00000000eab00000, 0x00000000eab00000)
  object space 699392K, 70% used [0x00000000c0000000,0x00000000de237be8,0x00000000eab00000)
 Metaspace       used 18810K, capacity 19287K, committed 19584K, reserved 1067008K
  class space    used 1984K, capacity 2112K, committed 2176K, reserved 1048576K
Event: 92.499 GC heap after
Heap after GC invocations=134 (full 0):
 PSYoungGen      total 348672K, used 64K [0x00000000eab00000, 0x0000000100000000, 0x0000000100000000)
  eden space 348160K, 0% used [0x00000000eab00000,0x00000000eab00000,0x00000000fff00000)
  from space 512K, 12% used [0x00000000fff80000,0x00000000fff90000,0x0000000100000000)
  to   space 512K, 0% used [0x00000000fff00000,0x00000000fff00000,0x00000000fff80000)
 ParOldGen       total 699392K, used 493790K [0x00000000c0000000, 0x00000000eab00000, 0x00000000eab00000)
  object space 699392K, 70% used [0x00000000c0000000,0x00000000de237be8,0x00000000eab00000)
 Metaspace       used 18810K, capacity 19287K, committed 19584K, reserved 1067008K
  class space    used 1984K, capacity 2112K, committed 2176K, reserved 1048576K
}
Event: 92.995 GC heap before
{Heap before GC invocations=135 (full 0):
 PSYoungGen      total 348672K, used 348224K [0x00000000eab00000, 0x0000000100000000, 0x0000000100000000)
  eden space 348160K, 100% used [0x00000000eab00000,0x00000000fff00000,0x00000000fff00000)
  from space 512K, 12% used [0x00000000fff80000,0x00000000fff90000,0x0000000100000000)
  to   space 512K, 0% used [0x00000000fff00000,0x00000000fff00000,0x00000000fff80000)
 ParOldGen       total 699392K, used 493790K [0x00000000c0000000, 0x00000000eab00000, 0x00000000eab00000)
  object space 699392K, 70% used [0x00000000c0000000,0x00000000de237be8,0x00000000eab00000)
 Metaspace       used 18810K, capacity 19287K, committed 19584K, reserved 1067008K
  class space    used 1984K, capacity 2112K, committed 2176K, reserved 1048576K
Event: 92.998 GC heap after
Heap after GC invocations=135 (full 0):
 PSYoungGen      total 348672K, used 96K [0x00000000eab00000, 0x0000000100000000, 0x0000000100000000)
  eden space 348160K, 0% used [0x00000000eab00000,0x00000000eab00000,0x00000000fff00000)
  from space 512K, 18% used [0x00000000fff00000,0x00000000fff18000,0x00000000fff80000)
  to   space 512K, 0% used [0x00000000fff80000,0x00000000fff80000,0x0000000100000000)
 ParOldGen       total 699392K, used 493790K [0x00000000c0000000, 0x00000000eab00000, 0x00000000eab00000)
  object space 699392K, 70% used [0x00000000c0000000,0x00000000de237be8,0x00000000eab00000)
 Metaspace       used 18810K, capacity 19287K, committed 19584K, reserved 1067008K
  class space    used 1984K, capacity 2112K, committed 2176K, reserved 1048576K
}
Event: 93.513 GC heap before
{Heap before GC invocations=136 (full 0):
 PSYoungGen      total 348672K, used 348256K [0x00000000eab00000, 0x0000000100000000, 0x0000000100000000)
  eden space 348160K, 100% used [0x00000000eab00000,0x00000000fff00000,0x00000000fff00000)
  from space 512K, 18% used [0x00000000fff00000,0x00000000fff18000,0x00000000fff80000)
  to   space 512K, 0% used [0x00000000fff80000,0x00000000fff80000,0x0000000100000000)
 ParOldGen       total 699392K, used 493790K [0x00000000c0000000, 0x00000000eab00000, 0x00000000eab00000)
  object space 699392K, 70% used [0x00000000c0000000,0x00000000de237be8,0x00000000eab00000)
 Metaspace       used 18810K, capacity 19287K, committed 19584K, reserved 1067008K
  class space    used 1984K, capacity 2112K, committed 2176K, reserved 1048576K
Event: 93.516 GC heap after
Heap after GC invocations=136 (full 0):
 PSYoungGen      total 348672K, used 32K [0x00000000eab00000, 0x0000000100000000, 0x0000000100000000)
  eden space 348160K, 0% used [0x00000000eab00000,0x00000000eab00000,0x00000000fff00000)
  from space 512K, 6% used [0x00000000fff80000,0x00000000fff88000,0x0000000100000000)
  to   space 512K, 0% used [0x00000000fff00000,0x00000000fff00000,0x00000000fff80000)
 ParOldGen       total 699392K, used 493790K [0x00000000c0000000, 0x00000000eab00000, 0x00000000eab00000)
  object space 699392K, 70% used [0x00000000c0000000,0x00000000de237be8,0x00000000eab00000)
 Metaspace       used 18810K, capacity 19287K, committed 19584K, reserved 1067008K
  class space    used 1984K, capacity 2112K, committed 2176K, reserved 1048576K
}
Event: 94.005 GC heap before
{Heap before GC invocations=137 (full 0):
 PSYoungGen      total 348672K, used 348192K [0x00000000eab00000, 0x0000000100000000, 0x0000000100000000)
  eden space 348160K, 100% used [0x00000000eab00000,0x00000000fff00000,0x00000000fff00000)
  from space 512K, 6% used [0x00000000fff80000,0x00000000fff88000,0x0000000100000000)
  to   space 512K, 0% used [0x00000000fff00000,0x00000000fff00000,0x00000000fff80000)
 ParOldGen       total 699392K, used 493790K [0x00000000c0000000, 0x00000000eab00000, 0x00000000eab00000)
  object space 699392K, 70% used [0x00000000c0000000,0x00000000de237be8,0x00000000eab00000)
 Metaspace       used 18810K, capacity 19287K, committed 19584K, reserved 1067008K
  class space    used 1984K, capacity 2112K, committed 2176K, reserved 1048576K
Event: 94.009 GC heap after
Heap after GC invocations=137 (full 0):
 PSYoungGen      total 348672K, used 32K [0x00000000eab00000, 0x0000000100000000, 0x0000000100000000)
  eden space 348160K, 0% used [0x00000000eab00000,0x00000000eab00000,0x00000000fff00000)
  from space 512K, 6% used [0x00000000fff00000,0x00000000fff08000,0x00000000fff80000)
  to   space 512K, 0% used [0x00000000fff80000,0x00000000fff80000,0x0000000100000000)
 ParOldGen       total 699392K, used 493790K [0x00000000c0000000, 0x00000000eab00000, 0x00000000eab00000)
  object space 699392K, 70% used [0x00000000c0000000,0x00000000de237be8,0x00000000eab00000)
 Metaspace       used 18810K, capacity 19287K, committed 19584K, reserved 1067008K
  class space    used 1984K, capacity 2112K, committed 2176K, reserved 1048576K
}
Event: 94.589 GC heap before
{Heap before GC invocations=138 (full 0):
 PSYoungGen      total 348672K, used 348192K [0x00000000eab00000, 0x0000000100000000, 0x0000000100000000)
  eden space 348160K, 100% used [0x00000000eab00000,0x00000000fff00000,0x00000000fff00000)
  from space 512K, 6% used [0x00000000fff00000,0x00000000fff08000,0x00000000fff80000)
  to   space 512K, 0% used [0x00000000fff80000,0x00000000fff80000,0x0000000100000000)
 ParOldGen       total 699392K, used 493790K [0x00000000c0000000, 0x00000000eab00000, 0x00000000eab00000)
  object space 699392K, 70% used [0x00000000c0000000,0x00000000de237be8,0x00000000eab00000)
 Metaspace       used 18810K, capacity 19287K, committed 19584K, reserved 1067008K
  class space    used 1984K, capacity 2112K, committed 2176K, reserved 1048576K
Event: 94.592 GC heap after
Heap after GC invocations=138 (full 0):
 PSYoungGen      total 348672K, used 64K [0x00000000eab00000, 0x0000000100000000, 0x0000000100000000)
  eden space 348160K, 0% used [0x00000000eab00000,0x00000000eab00000,0x00000000fff00000)
  from space 512K, 12% used [0x00000000fff80000,0x00000000fff90000,0x0000000100000000)
  to   space 512K, 0% used [0x00000000fff00000,0x00000000fff00000,0x00000000fff80000)
 ParOldGen       total 699392K, used 493790K [0x00000000c0000000, 0x00000000eab00000, 0x00000000eab00000)
  object space 699392K, 70% used [0x00000000c0000000,0x00000000de237be8,0x00000000eab00000)
 Metaspace       used 18810K, capacity 19287K, committed 19584K, reserved 1067008K
  class space    used 1984K, capacity 2112K, committed 2176K, reserved 1048576K
}

